#
# A fatal error has been detected by the Java Runtime Environment:
#
#  SIGSEGV (0xb) at pc=0x00000001069d65fa, pid=4327, tid=39171
#
# JRE version: Java(TM) SE Runtime Environment (7.0_80-b15) (build 1.7.0_80-b15)
# Java VM: Java HotSpot(TM) 64-Bit Server VM (24.80-b11 mixed mode bsd-amd64 compressed oops)
# Problematic frame:
# j  library.Author.<init>(Ljava/util/Map;)V+56
#
# Failed to write core dump. Core dumps have been disabled. To enable core dumping, try "ulimit -c unlimited" before starting Java again
#
# If you would like to submit a bug report, please visit:
#   http://bugreport.java.com/bugreport/crash.jsp
#

---------------  T H R E A D  ---------------

Current thread (0x00007f84aadf2000):  JavaThread "http-nio-8080-exec-8" daemon [_thread_in_Java, id=39171, stack(0x000070000322e000,0x000070000332e000)]

siginfo:si_signo=SIGSEGV: si_errno=0, si_code=1 (SEGV_MAPERR), si_addr=0x0000000700001fa0

Registers:
RAX=0x0000000105e1a8d0, RBX=0x00000007c19e1e18, RCX=0x0000000700001fa0, RDX=0x00000001069bf058
RSP=0x0000700003320000, RBP=0x0000700003320050, RSI=0x0000000000000007, RDI=0x00007f84aadf2000
R8 =0x00007f84ae0dcd30, R9 =0x00000000fffffffe, R10=0x0000000105e29880, R11=0x0000000106abed40
R12=0x0000000000000000, R13=0x00000007c19e1bb8, R14=0x0000700003320070, R15=0x00007f84aadf2000
RIP=0x00000001069d65fa, EFLAGS=0x0000000000010a02, ERR=0x0000000000000004
  TRAPNO=0x000000000000000e

Top of Stack: (sp=0x0000700003320000)
0x0000700003320000:   00000001069bf058 0000000700001fa0
0x0000700003320010:   0000700003320010 00000007c19e1bb8
0x0000700003320020:   0000700003320070 00000007c261af18
0x0000700003320030:   0000000000000000 00000007c19e1c10
0x0000700003320040:   0000000000000000 0000700003320068
0x0000700003320050:   00007000033200d0 00000001069b94e7
0x0000700003320060:   00000007f42181d0 00000007f6422ec8
0x0000700003320070:   0000000700001fa0 0000000000000001
0x0000700003320080:   00007f84aadf2000 00000001069b945f
0x0000700003320090:   000000000000000c 00007f84ae0dcce0
0x00007000033200a0:   0000700003320150 0000700003320410
0x00007000033200b0:   000000000000000c 00000007c19e1c10
0x00007000033200c0:   00000001069c9360 0000700003320420
0x00007000033200d0:   00007000033201c0 00000001058dc898
0x00007000033200e0:   0000700000000001 00007f84aadf2000
0x00007000033200f0:   0000700003320120 0000700003320410
0x0000700003320100:   0100700003320120 00000001069c9360
0x0000700003320110:   0000700003320418 00007f84aadf2000
0x0000700003320120:   00007f84ae0da5e0 00007f84ae0dc9e0
0x0000700003320130:   00007f84ae0dccf0 00007f84ae0dcdc8
0x0000700003320140:   00000000000003d8 0000700003320d58
0x0000700003320150:   00007f84aadf2000 00007f84ae2b75e0
0x0000700003320160:   00000007c19e1c10 00000007f6422ec8
0x0000700003320170:   00007000033205d0 0000000106f54fb7
0x0000700003320180:   0000000000000000 0000700003320408
0x0000700003320190:   00000001069c9360 00007f84aadf2000
0x00007000033201a0:   00007f84ae0dcce8 00007f84ae0dccd8
0x00007000033201b0:   0000000000000000 0000000000000000
0x00007000033201c0:   00007000033201e0 00000001058dc668
0x00007000033201d0:   0000000000000000 00007f84ae0dcce0
0x00007000033201e0:   00007000033204e0 0000000105a68428
0x00007000033201f0:   0000000000000000 00007f84ae0dccc0 

Instructions: (pc=0x00000001069d65fa)
0x00000001069d65da:   38 8b ca 81 e1 ff 00 00 00 48 8b 4c cc f8 c1 ea
0x00000001069d65ea:   1c 49 ba 80 98 e2 05 01 00 00 00 49 8b 14 d2 52
0x00000001069d65fa:   48 3b 01 48 8b 45 e0 48 85 c0 0f 84 12 00 00 00
0x00000001069d660a:   48 83 40 08 01 48 83 58 08 00 48 83 c0 10 48 89 

Register to memory mapping:

RAX=0x0000000105e1a8d0: _ZN20SafepointSynchronize6_stateE+0 in /Library/Java/JavaVirtualMachines/jdk1.7.0_80.jdk/Contents/Home/jre/lib/server/libjvm.dylib at 0x0000000105600000
RBX=0x00000007c19e1e18 is an oop
{method} 
 - klass: {other class}
RCX=0x0000000700001fa0 is an unknown value
RDX=0x00000001069bf058 is at code_begin+2520 in an Interpreter codelet
return entry points  [0x00000001069be680, 0x00000001069c0480]  7680 bytes
RSP=0x0000700003320000 is pointing into the stack for thread: 0x00007f84aadf2000
RBP=0x0000700003320050 is pointing into the stack for thread: 0x00007f84aadf2000
RSI=0x0000000000000007 is an unknown value
RDI=0x00007f84aadf2000 is a thread
R8 =0x00007f84ae0dcd30 is an unknown value
R9 =0x00000000fffffffe is an unknown value
R10=0x0000000105e29880: _ZN19TemplateInterpreter24_return_3_addrs_by_indexE+0 in /Library/Java/JavaVirtualMachines/jdk1.7.0_80.jdk/Contents/Home/jre/lib/server/libjvm.dylib at 0x0000000105600000
R11=0x0000000106abed40 is at entry_point+32 in (nmethod*)0x0000000106abebd0
R12=0x0000000000000000 is an unknown value
R13=0x00000007c19e1bb8 is pointing into object: 0x00000007c19e1b40
{constMethod} 
 - klass: {other class}
 - constants:       0x00000007c19d6770 constant pool [1989] for 'library/Author' cache=0x00000007c261af18
bci_from(0x7c19e1bb8) = 56; print_codes():
R14=0x0000700003320070 is pointing into the stack for thread: 0x00007f84aadf2000
R15=0x00007f84aadf2000 is a thread


Stack: [0x000070000322e000,0x000070000332e000],  sp=0x0000700003320000,  free space=968k
Native frames: (J=compiled Java code, j=interpreted, Vv=VM code, C=native code)
j  library.Author.<init>(Ljava/util/Map;)V+56
v  ~StubRoutines::call_stub
V  [libjvm.dylib+0x2dc898]
V  [libjvm.dylib+0x2dc668]
V  [libjvm.dylib+0x468428]
V  [libjvm.dylib+0x46888e]
V  [libjvm.dylib+0x329247]
J 2075  sun.reflect.NativeMethodAccessorImpl.invoke0(Ljava/lang/reflect/Method;Ljava/lang/Object;[Ljava/lang/Object;)Ljava/lang/Object; (0 bytes) @ 0x0000000106f5502d [0x0000000106f54f40+0xed]
J 2074 C1 sun.reflect.NativeMethodAccessorImpl.invoke(Ljava/lang/Object;[Ljava/lang/Object;)Ljava/lang/Object; (91 bytes) @ 0x0000000106f55624 [0x0000000106f55340+0x2e4]
J 774 C1 sun.reflect.DelegatingMethodAccessorImpl.invoke(Ljava/lang/Object;[Ljava/lang/Object;)Ljava/lang/Object; (10 bytes) @ 0x0000000106d3a0c4 [0x0000000106d3a080+0x44]
J 773 C1 java.lang.reflect.Method.invoke(Ljava/lang/Object;[Ljava/lang/Object;)Ljava/lang/Object; (63 bytes) @ 0x0000000106d39c6c [0x0000000106d39b60+0x10c]
J 1837 C1 org.springsource.loaded.ri.ReflectiveInterceptor.jlrMethodInvoke(Ljava/lang/reflect/Method;Ljava/lang/Object;[Ljava/lang/Object;)Ljava/lang/Object; (2214 bytes) @ 0x0000000106eeea6c [0x0000000106eed4c0+0x15ac]
J 3435 C1 org.codehaus.groovy.reflection.CachedMethod.invoke(Ljava/lang/Object;[Ljava/lang/Object;)Ljava/lang/Object; (70 bytes) @ 0x000000010723f8bc [0x000000010723f880+0x3c]
J 3174 C1 groovy.lang.MetaMethod.doMethodInvoke(Ljava/lang/Object;[Ljava/lang/Object;)Ljava/lang/Object; (22 bytes) @ 0x00000001071b59d4 [0x00000001071b5960+0x74]
J 5188 C1 org.codehaus.groovy.runtime.metaclass.MethodMetaProperty$GetBeanMethodMetaProperty.getProperty(Ljava/lang/Object;)Ljava/lang/Object; (12 bytes) @ 0x000000010755788c [0x0000000107557840+0x4c]
j  org.codehaus.groovy.runtime.callsite.GetEffectivePogoPropertySite.getProperty(Ljava/lang/Object;)Ljava/lang/Object;+5
J 3460 C1 org.codehaus.groovy.runtime.callsite.AbstractCallSite.callGetProperty(Ljava/lang/Object;)Ljava/lang/Object; (12 bytes) @ 0x0000000106ee15e4 [0x0000000106ee1580+0x64]
j  grails.plugin.formfields.FormFieldsTagLib.displayAssociation(Ljava/lang/Object;Lorg/grails/datastore/mapping/model/PersistentEntity;)Ljava/lang/CharSequence;+93
v  ~StubRoutines::call_stub
V  [libjvm.dylib+0x2dc898]
V  [libjvm.dylib+0x2dc668]
V  [libjvm.dylib+0x468428]
V  [libjvm.dylib+0x46888e]
V  [libjvm.dylib+0x329247]
J 2075  sun.reflect.NativeMethodAccessorImpl.invoke0(Ljava/lang/reflect/Method;Ljava/lang/Object;[Ljava/lang/Object;)Ljava/lang/Object; (0 bytes) @ 0x0000000106f5502d [0x0000000106f54f40+0xed]
J 2074 C1 sun.reflect.NativeMethodAccessorImpl.invoke(Ljava/lang/Object;[Ljava/lang/Object;)Ljava/lang/Object; (91 bytes) @ 0x0000000106f55624 [0x0000000106f55340+0x2e4]
J 774 C1 sun.reflect.DelegatingMethodAccessorImpl.invoke(Ljava/lang/Object;[Ljava/lang/Object;)Ljava/lang/Object; (10 bytes) @ 0x0000000106d3a0c4 [0x0000000106d3a080+0x44]
J 773 C1 java.lang.reflect.Method.invoke(Ljava/lang/Object;[Ljava/lang/Object;)Ljava/lang/Object; (63 bytes) @ 0x0000000106d39c6c [0x0000000106d39b60+0x10c]
J 1837 C1 org.springsource.loaded.ri.ReflectiveInterceptor.jlrMethodInvoke(Ljava/lang/reflect/Method;Ljava/lang/Object;[Ljava/lang/Object;)Ljava/lang/Object; (2214 bytes) @ 0x0000000106eeebc4 [0x0000000106eed4c0+0x1704]
J 6012 C1 org.codehaus.groovy.runtime.callsite.PogoMetaMethodSite$PogoCachedMethodSiteNoUnwrapNoCoerce.invoke(Ljava/lang/Object;[Ljava/lang/Object;)Ljava/lang/Object; (37 bytes) @ 0x000000010771e6dc [0x000000010771e6a0+0x3c]
J 6049 C1 org.codehaus.groovy.runtime.callsite.PogoMetaMethodSite.callCurrent(Lgroovy/lang/GroovyObject;[Ljava/lang/Object;)Ljava/lang/Object; (29 bytes) @ 0x0000000107737304 [0x0000000107737240+0xc4]
J 5817 C1 org.codehaus.groovy.runtime.callsite.AbstractCallSite.callCurrent(Lgroovy/lang/GroovyObject;[Ljava/lang/Object;)Ljava/lang/Object; (7 bytes) @ 0x000000010768a57c [0x000000010768a500+0x7c]
J 6413 C1 org.codehaus.groovy.runtime.callsite.AbstractCallSite.callCurrent(Lgroovy/lang/GroovyObject;Ljava/lang/Object;Ljava/lang/Object;)Ljava/lang/Object; (42 bytes) @ 0x00000001078224d4 [0x00000001078222e0+0x1f4]
j  grails.plugin.formfields.FormFieldsTagLib.renderDefaultDisplay(Ljava/util/Map;Ljava/util/Map;Ljava/lang/String;Ljava/lang/String;)Ljava/lang/CharSequence;+288
v  ~StubRoutines::call_stub
V  [libjvm.dylib+0x2dc898]
V  [libjvm.dylib+0x2dc668]
V  [libjvm.dylib+0x468428]
V  [libjvm.dylib+0x46888e]
V  [libjvm.dylib+0x329247]
J 2075  sun.reflect.NativeMethodAccessorImpl.invoke0(Ljava/lang/reflect/Method;Ljava/lang/Object;[Ljava/lang/Object;)Ljava/lang/Object; (0 bytes) @ 0x0000000106f5502d [0x0000000106f54f40+0xed]
J 2074 C1 sun.reflect.NativeMethodAccessorImpl.invoke(Ljava/lang/Object;[Ljava/lang/Object;)Ljava/lang/Object; (91 bytes) @ 0x0000000106f55624 [0x0000000106f55340+0x2e4]
J 774 C1 sun.reflect.DelegatingMethodAccessorImpl.invoke(Ljava/lang/Object;[Ljava/lang/Object;)Ljava/lang/Object; (10 bytes) @ 0x0000000106d3a0c4 [0x0000000106d3a080+0x44]
J 773 C1 java.lang.reflect.Method.invoke(Ljava/lang/Object;[Ljava/lang/Object;)Ljava/lang/Object; (63 bytes) @ 0x0000000106d39c6c [0x0000000106d39b60+0x10c]
J 1837 C1 org.springsource.loaded.ri.ReflectiveInterceptor.jlrMethodInvoke(Ljava/lang/reflect/Method;Ljava/lang/Object;[Ljava/lang/Object;)Ljava/lang/Object; (2214 bytes) @ 0x0000000106eeebc4 [0x0000000106eed4c0+0x1704]
J 6012 C1 org.codehaus.groovy.runtime.callsite.PogoMetaMethodSite$PogoCachedMethodSiteNoUnwrapNoCoerce.invoke(Ljava/lang/Object;[Ljava/lang/Object;)Ljava/lang/Object; (37 bytes) @ 0x000000010771e6dc [0x000000010771e6a0+0x3c]
J 6049 C1 org.codehaus.groovy.runtime.callsite.PogoMetaMethodSite.callCurrent(Lgroovy/lang/GroovyObject;[Ljava/lang/Object;)Ljava/lang/Object; (29 bytes) @ 0x0000000107737304 [0x0000000107737240+0xc4]
J 5817 C1 org.codehaus.groovy.runtime.callsite.AbstractCallSite.callCurrent(Lgroovy/lang/GroovyObject;[Ljava/lang/Object;)Ljava/lang/Object; (7 bytes) @ 0x000000010768a57c [0x000000010768a500+0x7c]
J 7025 C1 org.codehaus.groovy.runtime.callsite.AbstractCallSite.callCurrent(Lgroovy/lang/GroovyObject;Ljava/lang/Object;Ljava/lang/Object;Ljava/lang/Object;Ljava/lang/Object;)Ljava/lang/Object; (50 bytes) @ 0x00000001079c0b3c [0x00000001079c0860+0x2dc]
j  grails.plugin.formfields.FormFieldsTagLib.renderDisplayWidget(Lgrails/plugin/formfields/BeanPropertyAccessor;Ljava/util/Map;Ljava/util/Map;Ljava/lang/String;Ljava/lang/String;)Ljava/lang/CharSequence;+394
v  ~StubRoutines::call_stub
V  [libjvm.dylib+0x2dc898]
V  [libjvm.dylib+0x2dc668]
V  [libjvm.dylib+0x468428]
V  [libjvm.dylib+0x46888e]
V  [libjvm.dylib+0x329247]
J 2075  sun.reflect.NativeMethodAccessorImpl.invoke0(Ljava/lang/reflect/Method;Ljava/lang/Object;[Ljava/lang/Object;)Ljava/lang/Object; (0 bytes) @ 0x0000000106f5502d [0x0000000106f54f40+0xed]
J 2074 C1 sun.reflect.NativeMethodAccessorImpl.invoke(Ljava/lang/Object;[Ljava/lang/Object;)Ljava/lang/Object; (91 bytes) @ 0x0000000106f55624 [0x0000000106f55340+0x2e4]
J 774 C1 sun.reflect.DelegatingMethodAccessorImpl.invoke(Ljava/lang/Object;[Ljava/lang/Object;)Ljava/lang/Object; (10 bytes) @ 0x0000000106d3a0c4 [0x0000000106d3a080+0x44]
J 773 C1 java.lang.reflect.Method.invoke(Ljava/lang/Object;[Ljava/lang/Object;)Ljava/lang/Object; (63 bytes) @ 0x0000000106d39c6c [0x0000000106d39b60+0x10c]
J 1837 C1 org.springsource.loaded.ri.ReflectiveInterceptor.jlrMethodInvoke(Ljava/lang/reflect/Method;Ljava/lang/Object;[Ljava/lang/Object;)Ljava/lang/Object; (2214 bytes) @ 0x0000000106eeebc4 [0x0000000106eed4c0+0x1704]
J 3435 C1 org.codehaus.groovy.reflection.CachedMethod.invoke(Ljava/lang/Object;[Ljava/lang/Object;)Ljava/lang/Object; (70 bytes) @ 0x000000010723f8bc [0x000000010723f880+0x3c]
J 3174 C1 groovy.lang.MetaMethod.doMethodInvoke(Ljava/lang/Object;[Ljava/lang/Object;)Ljava/lang/Object; (22 bytes) @ 0x00000001071b59d4 [0x00000001071b5960+0x74]
J 3365 C1 org.codehaus.groovy.runtime.metaclass.ClosureMetaClass.invokeMethod(Ljava/lang/Class;Ljava/lang/Object;Ljava/lang/String;[Ljava/lang/Object;ZZ)Ljava/lang/Object; (872 bytes) @ 0x0000000107212f1c [0x0000000107211d40+0x11dc]
J 1803 C1 groovy.lang.MetaClassImpl.invokeMethod(Ljava/lang/Object;Ljava/lang/String;[Ljava/lang/Object;)Ljava/lang/Object; (14 bytes) @ 0x0000000106ed9b64 [0x0000000106ed9b00+0x64]
J 6399 C1 org.codehaus.groovy.runtime.callsite.PogoMetaClassSite.callCurrent(Lgroovy/lang/GroovyObject;[Ljava/lang/Object;)Ljava/lang/Object; (92 bytes) @ 0x000000010781b41c [0x000000010781b300+0x11c]
j  grails.plugin.formfields.FormFieldsTagLib$_closure8$_closure21.doCall(Ljava/lang/Object;)Ljava/lang/Object;+126
v  ~StubRoutines::call_stub
V  [libjvm.dylib+0x2dc898]
V  [libjvm.dylib+0x2dc668]
V  [libjvm.dylib+0x468428]
V  [libjvm.dylib+0x46888e]
V  [libjvm.dylib+0x329247]
J 2075  sun.reflect.NativeMethodAccessorImpl.invoke0(Ljava/lang/reflect/Method;Ljava/lang/Object;[Ljava/lang/Object;)Ljava/lang/Object; (0 bytes) @ 0x0000000106f5502d [0x0000000106f54f40+0xed]
J 2074 C1 sun.reflect.NativeMethodAccessorImpl.invoke(Ljava/lang/Object;[Ljava/lang/Object;)Ljava/lang/Object; (91 bytes) @ 0x0000000106f55624 [0x0000000106f55340+0x2e4]
J 774 C1 sun.reflect.DelegatingMethodAccessorImpl.invoke(Ljava/lang/Object;[Ljava/lang/Object;)Ljava/lang/Object; (10 bytes) @ 0x0000000106d3a0c4 [0x0000000106d3a080+0x44]
J 773 C1 java.lang.reflect.Method.invoke(Ljava/lang/Object;[Ljava/lang/Object;)Ljava/lang/Object; (63 bytes) @ 0x0000000106d39c6c [0x0000000106d39b60+0x10c]
J 1837 C1 org.springsource.loaded.ri.ReflectiveInterceptor.jlrMethodInvoke(Ljava/lang/reflect/Method;Ljava/lang/Object;[Ljava/lang/Object;)Ljava/lang/Object; (2214 bytes) @ 0x0000000106eeebc4 [0x0000000106eed4c0+0x1704]
J 3435 C1 org.codehaus.groovy.reflection.CachedMethod.invoke(Ljava/lang/Object;[Ljava/lang/Object;)Ljava/lang/Object; (70 bytes) @ 0x000000010723f8bc [0x000000010723f880+0x3c]
J 3174 C1 groovy.lang.MetaMethod.doMethodInvoke(Ljava/lang/Object;[Ljava/lang/Object;)Ljava/lang/Object; (22 bytes) @ 0x00000001071b59d4 [0x00000001071b5960+0x74]
J 3365 C1 org.codehaus.groovy.runtime.metaclass.ClosureMetaClass.invokeMethod(Ljava/lang/Class;Ljava/lang/Object;Ljava/lang/String;[Ljava/lang/Object;ZZ)Ljava/lang/Object; (872 bytes) @ 0x0000000107212f54 [0x0000000107211d40+0x1214]
J 1803 C1 groovy.lang.MetaClassImpl.invokeMethod(Ljava/lang/Object;Ljava/lang/String;[Ljava/lang/Object;)Ljava/lang/Object; (14 bytes) @ 0x0000000106ed9b64 [0x0000000106ed9b00+0x64]
J 4319 C1 groovy.lang.Closure.call([Ljava/lang/Object;)Ljava/lang/Object; (30 bytes) @ 0x00000001073df3bc [0x00000001073df340+0x7c]
J 5105 C1 groovy.lang.Closure.call(Ljava/lang/Object;)Ljava/lang/Object; (13 bytes) @ 0x00000001075326f4 [0x00000001075325c0+0x134]
j  org.grails.taglib.TagBodyClosure.executeClosure(Ljava/lang/Object;)Ljava/lang/Object;+19
j  org.grails.taglib.TagBodyClosure.captureClosureOutput(Ljava/lang/Object;Z)Ljava/lang/Object;+81
j  org.grails.taglib.TagBodyClosure.call(Ljava/lang/Object;)Ljava/lang/Object;+3
v  ~StubRoutines::call_stub
V  [libjvm.dylib+0x2dc898]
V  [libjvm.dylib+0x2dc668]
V  [libjvm.dylib+0x468428]
V  [libjvm.dylib+0x46888e]
V  [libjvm.dylib+0x329247]
J 2075  sun.reflect.NativeMethodAccessorImpl.invoke0(Ljava/lang/reflect/Method;Ljava/lang/Object;[Ljava/lang/Object;)Ljava/lang/Object; (0 bytes) @ 0x0000000106f5502d [0x0000000106f54f40+0xed]
J 2074 C1 sun.reflect.NativeMethodAccessorImpl.invoke(Ljava/lang/Object;[Ljava/lang/Object;)Ljava/lang/Object; (91 bytes) @ 0x0000000106f55624 [0x0000000106f55340+0x2e4]
J 774 C1 sun.reflect.DelegatingMethodAccessorImpl.invoke(Ljava/lang/Object;[Ljava/lang/Object;)Ljava/lang/Object; (10 bytes) @ 0x0000000106d3a0c4 [0x0000000106d3a080+0x44]
J 773 C1 java.lang.reflect.Method.invoke(Ljava/lang/Object;[Ljava/lang/Object;)Ljava/lang/Object; (63 bytes) @ 0x0000000106d39c6c [0x0000000106d39b60+0x10c]
J 1837 C1 org.springsource.loaded.ri.ReflectiveInterceptor.jlrMethodInvoke(Ljava/lang/reflect/Method;Ljava/lang/Object;[Ljava/lang/Object;)Ljava/lang/Object; (2214 bytes) @ 0x0000000106eeebc4 [0x0000000106eed4c0+0x1704]
J 3435 C1 org.codehaus.groovy.reflection.CachedMethod.invoke(Ljava/lang/Object;[Ljava/lang/Object;)Ljava/lang/Object; (70 bytes) @ 0x000000010723f8bc [0x000000010723f880+0x3c]
J 3174 C1 groovy.lang.MetaMethod.doMethodInvoke(Ljava/lang/Object;[Ljava/lang/Object;)Ljava/lang/Object; (22 bytes) @ 0x00000001071b59d4 [0x00000001071b5960+0x74]
...<more frames>...


---------------  P R O C E S S  ---------------

Java Threads: ( => current thread )
  0x00007f84ac1ae800 JavaThread "DestroyJavaVM" [_thread_blocked, id=5891, stack(0x00007000012d1000,0x00007000013d1000)]
  0x00007f84ac3d0000 JavaThread "Thread-6" daemon [_thread_blocked, id=26115, stack(0x0000700003b49000,0x0000700003c49000)]
  0x00007f84ac3df800 JavaThread "Thread-7" daemon [_thread_blocked, id=25859, stack(0x0000700003943000,0x0000700003a43000)]
  0x00007f84aae01800 JavaThread "http-nio-8080-AsyncTimeout" daemon [_thread_blocked, id=37891, stack(0x0000700003840000,0x0000700003940000)]
  0x00007f84aae00800 JavaThread "http-nio-8080-Acceptor-0" daemon [_thread_in_native, id=38147, stack(0x000070000373d000,0x000070000383d000)]
  0x00007f84aae00000 JavaThread "http-nio-8080-ClientPoller-1" daemon [_thread_in_native, id=25091, stack(0x000070000363a000,0x000070000373a000)]
  0x00007f84aadfc000 JavaThread "http-nio-8080-ClientPoller-0" daemon [_thread_in_native, id=38915, stack(0x0000700003537000,0x0000700003637000)]
  0x00007f84aadff000 JavaThread "http-nio-8080-exec-10" daemon [_thread_blocked, id=24579, stack(0x0000700003434000,0x0000700003534000)]
  0x00007f84aadf3000 JavaThread "http-nio-8080-exec-9" daemon [_thread_blocked, id=24067, stack(0x0000700003331000,0x0000700003431000)]
=>0x00007f84aadf2000 JavaThread "http-nio-8080-exec-8" daemon [_thread_in_Java, id=39171, stack(0x000070000322e000,0x000070000332e000)]
  0x00007f84aadbe800 JavaThread "http-nio-8080-exec-7" daemon [_thread_blocked, id=39427, stack(0x000070000312b000,0x000070000322b000)]
  0x00007f84a9e68000 JavaThread "http-nio-8080-exec-6" daemon [_thread_blocked, id=39939, stack(0x0000700003028000,0x0000700003128000)]
  0x00007f84ac3d3000 JavaThread "http-nio-8080-exec-5" daemon [_thread_blocked, id=40195, stack(0x0000700002f25000,0x0000700003025000)]
  0x00007f84a9e67800 JavaThread "http-nio-8080-exec-4" daemon [_thread_blocked, id=40707, stack(0x0000700002e22000,0x0000700002f22000)]
  0x00007f84a9e66800 JavaThread "http-nio-8080-exec-3" daemon [_thread_blocked, id=41219, stack(0x0000700002d1f000,0x0000700002e1f000)]
  0x00007f84a9e66000 JavaThread "http-nio-8080-exec-2" daemon [_thread_blocked, id=23043, stack(0x0000700002c1c000,0x0000700002d1c000)]
  0x00007f84a9e65000 JavaThread "http-nio-8080-exec-1" daemon [_thread_blocked, id=41731, stack(0x0000700002b19000,0x0000700002c19000)]
  0x00007f84ac3cf800 JavaThread "NioBlockingSelector.BlockPoller-1" daemon [_thread_in_native, id=42243, stack(0x0000700002a16000,0x0000700002b16000)]
  0x00007f84aad01800 JavaThread "container-0" [_thread_blocked, id=42755, stack(0x0000700002913000,0x0000700002a13000)]
  0x00007f84aad13800 JavaThread "ContainerBackgroundProcessor[StandardEngine[Tomcat]]" daemon [_thread_blocked, id=22279, stack(0x0000700002810000,0x0000700002910000)]
  0x00007f84aa5e6800 JavaThread "Tomcat JDBC Pool Cleaner[2067575494:1537145002105]" daemon [_thread_blocked, id=43271, stack(0x000070000260a000,0x000070000270a000)]
  0x00007f84ac1d6000 JavaThread "FileSystemWatcher: files=#14 cl=sun.misc.Launcher$AppClassLoader@7b3cb2c6" daemon [_thread_blocked, id=16131, stack(0x0000700002507000,0x0000700002607000)]
  0x00007f84aa9cb800 JavaThread "Service Thread" daemon [_thread_blocked, id=16899, stack(0x0000700002301000,0x0000700002401000)]
  0x00007f84aa9ca800 JavaThread "C1 CompilerThread2" daemon [_thread_blocked, id=17411, stack(0x00007000021fe000,0x00007000022fe000)]
  0x00007f84aa20e000 JavaThread "C2 CompilerThread1" daemon [_thread_blocked, id=17923, stack(0x00007000020fb000,0x00007000021fb000)]
  0x00007f84aa217000 JavaThread "C2 CompilerThread0" daemon [_thread_blocked, id=18179, stack(0x0000700001ff8000,0x00007000020f8000)]
  0x00007f84a9864000 JavaThread "Signal Dispatcher" daemon [_thread_blocked, id=15111, stack(0x0000700001ef5000,0x0000700001ff5000)]
  0x00007f84aa82d000 JavaThread "Finalizer" daemon [_thread_blocked, id=13059, stack(0x0000700001df2000,0x0000700001ef2000)]
  0x00007f84aa82c800 JavaThread "Reference Handler" daemon [_thread_blocked, id=12547, stack(0x0000700001cef000,0x0000700001def000)]

Other Threads:
  0x00007f84a984f000 VMThread [stack: 0x0000700001bec000,0x0000700001cec000] [id=19971]
  0x00007f84a9813000 WatcherThread [stack: 0x0000700002404000,0x0000700002504000] [id=16643]

VM state:not at safepoint (normal execution)

VM Mutex/Monitor currently owned by a thread: None

Heap
 PSYoungGen      total 241664K, used 166551K [0x00000007f0000000, 0x0000000800000000, 0x0000000800000000)
  eden space 220672K, 72% used [0x00000007f0000000,0x00000007f9ce30d8,0x00000007fd780000)
  from space 20992K, 28% used [0x00000007feb80000,0x00000007ff142e10,0x0000000800000000)
  to   space 20480K, 0% used [0x00000007fd780000,0x00000007fd780000,0x00000007feb80000)
 ParOldGen       total 524288K, used 99240K [0x00000007d0000000, 0x00000007f0000000, 0x00000007f0000000)
  object space 524288K, 18% used [0x00000007d0000000,0x00000007d60ea070,0x00000007f0000000)
 PSPermGen       total 98304K, used 70692K [0x00000007c0000000, 0x00000007c6000000, 0x00000007d0000000)
  object space 98304K, 71% used [0x00000007c0000000,0x00000007c4509208,0x00000007c6000000)

Card table byte_map: [0x0000000106276000,0x0000000106477000] byte_map_base: 0x0000000102476000

Polling page: 0x00000001045ec000

Code Cache  [0x00000001069b9000, 0x0000000107b89000, 0x000000010c9b9000)
 total_blobs=8427 nmethods=7685 adapters=674 free_code_cache=80146Kb largest_free_block=82027008

Compilation events (10 events):
Event: 132.493 Thread 0x00007f84aa9ca800 8009       1       org.grails.scaffolding.model.property.Constrained::$getCallSiteArray (40 bytes)
Event: 132.493 Thread 0x00007f84aa9ca800 nmethod 8009 0x0000000107b7d1d0 code [0x0000000107b7d360, 0x0000000107b7d738]
Event: 132.494 Thread 0x00007f84aa9ca800 8010       1       org.grails.scaffolding.model.property.DomainPropertyImpl::getName (12 bytes)
Event: 132.494 Thread 0x00007f84aa9ca800 nmethod 8010 0x0000000107b7d8d0 code [0x0000000107b7da40, 0x0000000107b7dba8]
Event: 132.506 Thread 0x00007f84aa9ca800 8011       1       org.grails.buffer.StreamCharBuffer$StreamCharBufferWriter::close (11 bytes)
Event: 132.506 Thread 0x00007f84aa9ca800 nmethod 8011 0x0000000107b7dc10 code [0x0000000107b7dda0, 0x0000000107b7dfc8]
Event: 132.513 Thread 0x00007f84aa9ca800 8012   !   1       org.grails.buffer.GrailsPrintWriter::close (24 bytes)
Event: 132.513 Thread 0x00007f84aa9ca800 nmethod 8012 0x0000000107b7e150 code [0x0000000107b7e2e0, 0x0000000107b7e518]
Event: 132.517 Thread 0x00007f84aa9ca800 8013   !   1       org.grails.buffer.GrailsPrintWriter::append (25 bytes)
Event: 132.517 Thread 0x00007f84aa9ca800 nmethod 8013 0x0000000107b7e610 code [0x0000000107b7e780, 0x0000000107b7e988]

GC Heap History (10 events):
Event: 17.351 GC heap before
{Heap before GC invocations=18 (full 0):
 PSYoungGen      total 237056K, used 220033K [0x00000007f0000000, 0x0000000800000000, 0x0000000800000000)
  eden space 212480K, 100% used [0x00000007f0000000,0x00000007fcf80000,0x00000007fcf80000)
  from space 24576K, 30% used [0x00000007fcf80000,0x00000007fd6e05f0,0x00000007fe780000)
  to   space 23552K, 0% used [0x00000007fe900000,0x00000007fe900000,0x0000000800000000)
 ParOldGen       total 524288K, used 71649K [0x00000007d0000000, 0x00000007f0000000, 0x00000007f0000000)
  object space 524288K, 13% used [0x00000007d0000000,0x00000007d45f8758,0x00000007f0000000)
 PSPermGen       total 98304K, used 62961K [0x00000007c0000000, 0x00000007c6000000, 0x00000007d0000000)
  object space 98304K, 64% used [0x00000007c0000000,0x00000007c3d7c4d0,0x00000007c6000000)
Event: 17.360 GC heap after
Heap after GC invocations=18 (full 0):
 PSYoungGen      total 239104K, used 7408K [0x00000007f0000000, 0x0000000800000000, 0x0000000800000000)
  eden space 215552K, 0% used [0x00000007f0000000,0x00000007f0000000,0x00000007fd280000)
  from space 23552K, 31% used [0x00000007fe900000,0x00000007ff03c330,0x0000000800000000)
  to   space 23040K, 0% used [0x00000007fd280000,0x00000007fd280000,0x00000007fe900000)
 ParOldGen       total 524288K, used 77517K [0x00000007d0000000, 0x00000007f0000000, 0x00000007f0000000)
  object space 524288K, 14% used [0x00000007d0000000,0x00000007d4bb3788,0x00000007f0000000)
 PSPermGen       total 98304K, used 62961K [0x00000007c0000000, 0x00000007c6000000, 0x00000007d0000000)
  object space 98304K, 64% used [0x00000007c0000000,0x00000007c3d7c4d0,0x00000007c6000000)
}
Event: 17.965 GC heap before
{Heap before GC invocations=19 (full 0):
 PSYoungGen      total 239104K, used 222960K [0x00000007f0000000, 0x0000000800000000, 0x0000000800000000)
  eden space 215552K, 100% used [0x00000007f0000000,0x00000007fd280000,0x00000007fd280000)
  from space 23552K, 31% used [0x00000007fe900000,0x00000007ff03c330,0x0000000800000000)
  to   space 23040K, 0% used [0x00000007fd280000,0x00000007fd280000,0x00000007fe900000)
 ParOldGen       total 524288K, used 77517K [0x00000007d0000000, 0x00000007f0000000, 0x00000007f0000000)
  object space 524288K, 14% used [0x00000007d0000000,0x00000007d4bb3788,0x00000007f0000000)
 PSPermGen       total 98304K, used 64975K [0x00000007c0000000, 0x00000007c6000000, 0x00000007d0000000)
  object space 98304K, 66% used [0x00000007c0000000,0x00000007c3f73c78,0x00000007c6000000)
Event: 17.973 GC heap after
Heap after GC invocations=19 (full 0):
 PSYoungGen      total 238592K, used 10622K [0x00000007f0000000, 0x0000000800000000, 0x0000000800000000)
  eden space 215552K, 0% used [0x00000007f0000000,0x00000007f0000000,0x00000007fd280000)
  from space 23040K, 46% used [0x00000007fd280000,0x00000007fdcdf8e0,0x00000007fe900000)
  to   space 22016K, 0% used [0x00000007fea80000,0x00000007fea80000,0x0000000800000000)
 ParOldGen       total 524288K, used 81970K [0x00000007d0000000, 0x00000007f0000000, 0x00000007f0000000)
  object space 524288K, 15% used [0x00000007d0000000,0x00000007d500ca48,0x00000007f0000000)
 PSPermGen       total 98304K, used 64975K [0x00000007c0000000, 0x00000007c6000000, 0x00000007d0000000)
  object space 98304K, 66% used [0x00000007c0000000,0x00000007c3f73c78,0x00000007c6000000)
}
Event: 22.276 GC heap before
{Heap before GC invocations=20 (full 0):
 PSYoungGen      total 238592K, used 226174K [0x00000007f0000000, 0x0000000800000000, 0x0000000800000000)
  eden space 215552K, 100% used [0x00000007f0000000,0x00000007fd280000,0x00000007fd280000)
  from space 23040K, 46% used [0x00000007fd280000,0x00000007fdcdf8e0,0x00000007fe900000)
  to   space 22016K, 0% used [0x00000007fea80000,0x00000007fea80000,0x0000000800000000)
 ParOldGen       total 524288K, used 81970K [0x00000007d0000000, 0x00000007f0000000, 0x00000007f0000000)
  object space 524288K, 15% used [0x00000007d0000000,0x00000007d500ca48,0x00000007f0000000)
 PSPermGen       total 98304K, used 66605K [0x00000007c0000000, 0x00000007c6000000, 0x00000007d0000000)
  object space 98304K, 67% used [0x00000007c0000000,0x00000007c410b568,0x00000007c6000000)
Event: 22.284 GC heap after
Heap after GC invocations=20 (full 0):
 PSYoungGen      total 240640K, used 6930K [0x00000007f0000000, 0x0000000800000000, 0x0000000800000000)
  eden space 218624K, 0% used [0x00000007f0000000,0x00000007f0000000,0x00000007fd580000)
  from space 22016K, 31% used [0x00000007fea80000,0x00000007ff144828,0x0000000800000000)
  to   space 21504K, 0% used [0x00000007fd580000,0x00000007fd580000,0x00000007fea80000)
 ParOldGen       total 524288K, used 88078K [0x00000007d0000000, 0x00000007f0000000, 0x00000007f0000000)
  object space 524288K, 16% used [0x00000007d0000000,0x00000007d5603908,0x00000007f0000000)
 PSPermGen       total 98304K, used 66605K [0x00000007c0000000, 0x00000007c6000000, 0x00000007d0000000)
  object space 98304K, 67% used [0x00000007c0000000,0x00000007c410b568,0x00000007c6000000)
}
Event: 29.468 GC heap before
{Heap before GC invocations=21 (full 0):
 PSYoungGen      total 240640K, used 225554K [0x00000007f0000000, 0x0000000800000000, 0x0000000800000000)
  eden space 218624K, 100% used [0x00000007f0000000,0x00000007fd580000,0x00000007fd580000)
  from space 22016K, 31% used [0x00000007fea80000,0x00000007ff144828,0x0000000800000000)
  to   space 21504K, 0% used [0x00000007fd580000,0x00000007fd580000,0x00000007fea80000)
 ParOldGen       total 524288K, used 88078K [0x00000007d0000000, 0x00000007f0000000, 0x00000007f0000000)
  object space 524288K, 16% used [0x00000007d0000000,0x00000007d5603908,0x00000007f0000000)
 PSPermGen       total 98304K, used 68295K [0x00000007c0000000, 0x00000007c6000000, 0x00000007d0000000)
  object space 98304K, 69% used [0x00000007c0000000,0x00000007c42b1e58,0x00000007c6000000)
Event: 29.476 GC heap after
Heap after GC invocations=21 (full 0):
 PSYoungGen      total 240128K, used 6844K [0x00000007f0000000, 0x0000000800000000, 0x0000000800000000)
  eden space 218624K, 0% used [0x00000007f0000000,0x00000007f0000000,0x00000007fd580000)
  from space 21504K, 31% used [0x00000007fd580000,0x00000007fdc2f3d0,0x00000007fea80000)
  to   space 20992K, 0% used [0x00000007feb80000,0x00000007feb80000,0x0000000800000000)
 ParOldGen       total 524288K, used 93777K [0x00000007d0000000, 0x00000007f0000000, 0x00000007f0000000)
  object space 524288K, 17% used [0x00000007d0000000,0x00000007d5b94600,0x00000007f0000000)
 PSPermGen       total 98304K, used 68295K [0x00000007c0000000, 0x00000007c6000000, 0x00000007d0000000)
  object space 98304K, 69% used [0x00000007c0000000,0x00000007c42b1e58,0x00000007c6000000)
}
Event: 99.206 GC heap before
{Heap before GC invocations=22 (full 0):
 PSYoungGen      total 240128K, used 225468K [0x00000007f0000000, 0x0000000800000000, 0x0000000800000000)
  eden space 218624K, 100% used [0x00000007f0000000,0x00000007fd580000,0x00000007fd580000)
  from space 21504K, 31% used [0x00000007fd580000,0x00000007fdc2f3d0,0x00000007fea80000)
  to   space 20992K, 0% used [0x00000007feb80000,0x00000007feb80000,0x0000000800000000)
 ParOldGen       total 524288K, used 93777K [0x00000007d0000000, 0x00000007f0000000, 0x00000007f0000000)
  object space 524288K, 17% used [0x00000007d0000000,0x00000007d5b94600,0x00000007f0000000)
 PSPermGen       total 98304K, used 69401K [0x00000007c0000000, 0x00000007c6000000, 0x00000007d0000000)
  object space 98304K, 70% used [0x00000007c0000000,0x00000007c43c66c0,0x00000007c6000000)
Event: 99.214 GC heap after
Heap after GC invocations=22 (full 0):
 PSYoungGen      total 241664K, used 5899K [0x00000007f0000000, 0x0000000800000000, 0x0000000800000000)
  eden space 220672K, 0% used [0x00000007f0000000,0x00000007f0000000,0x00000007fd780000)
  from space 20992K, 28% used [0x00000007feb80000,0x00000007ff142e10,0x0000000800000000)
  to   space 20480K, 0% used [0x00000007fd780000,0x00000007fd780000,0x00000007feb80000)
 ParOldGen       total 524288K, used 99240K [0x00000007d0000000, 0x00000007f0000000, 0x00000007f0000000)
  object space 524288K, 18% used [0x00000007d0000000,0x00000007d60ea070,0x00000007f0000000)
 PSPermGen       total 98304K, used 69401K [0x00000007c0000000, 0x00000007c6000000, 0x00000007d0000000)
  object space 98304K, 70% used [0x00000007c0000000,0x00000007c43c66c0,0x00000007c6000000)
}

Deoptimization events (0 events):
No events

Internal exceptions (10 events):
Event: 132.491 Thread 0x00007f84aadf2000 Threw 0x00000007f99584a0 at /Users/java_re/workspace/7u-2-build-macosx-x86_64/jdk7u80/2329/hotspot/src/share/vm/prims/jvm.cpp:1319
Event: 132.491 Thread 0x00007f84aadf2000 Threw 0x00000007f995f250 at /Users/java_re/workspace/7u-2-build-macosx-x86_64/jdk7u80/2329/hotspot/src/share/vm/prims/jvm.cpp:1319
Event: 132.492 Thread 0x00007f84aadf2000 Threw 0x00000007f997b078 at /Users/java_re/workspace/7u-2-build-macosx-x86_64/jdk7u80/2329/hotspot/src/share/vm/prims/jvm.cpp:1319
Event: 132.493 Thread 0x00007f84aadf2000 Threw 0x00000007f9984740 at /Users/java_re/workspace/7u-2-build-macosx-x86_64/jdk7u80/2329/hotspot/src/share/vm/runtime/sharedRuntime.cpp:591
Event: 132.495 Thread 0x00007f84aadf2000 Threw 0x00000007f99b2ba0 at /Users/java_re/workspace/7u-2-build-macosx-x86_64/jdk7u80/2329/hotspot/src/share/vm/runtime/sharedRuntime.cpp:591
Event: 132.495 Thread 0x00007f84aadf2000 Threw 0x00000007f99b3470 at /Users/java_re/workspace/7u-2-build-macosx-x86_64/jdk7u80/2329/hotspot/src/share/vm/runtime/sharedRuntime.cpp:591
Event: 132.495 Thread 0x00007f84aadf2000 Threw 0x00000007f99b3f30 at /Users/java_re/workspace/7u-2-build-macosx-x86_64/jdk7u80/2329/hotspot/src/share/vm/runtime/sharedRuntime.cpp:591
Event: 132.495 Thread 0x00007f84aadf2000 Threw 0x00000007f99b6ec0 at /Users/java_re/workspace/7u-2-build-macosx-x86_64/jdk7u80/2329/hotspot/src/share/vm/runtime/sharedRuntime.cpp:591
Event: 132.495 Thread 0x00007f84aadf2000 Threw 0x00000007f99b7920 at /Users/java_re/workspace/7u-2-build-macosx-x86_64/jdk7u80/2329/hotspot/src/share/vm/runtime/sharedRuntime.cpp:591
Event: 132.496 Thread 0x00007f84aadf2000 Threw 0x00000007f99b8380 at /Users/java_re/workspace/7u-2-build-macosx-x86_64/jdk7u80/2329/hotspot/src/share/vm/runtime/sharedRuntime.cpp:591

Events (10 events):
Event: 132.491 loading class 0x00007f84ae39e0a0
Event: 132.491 loading class 0x00007f84ae39e0a0 done
Event: 132.491 loading class 0x00007f84ae39e2d0
Event: 132.491 loading class 0x00007f84ae39e2d0 done
Event: 132.494 Executing VM operation: RevokeBias
Event: 132.494 Executing VM operation: RevokeBias done
Event: 132.494 Executing VM operation: RevokeBias
Event: 132.494 Executing VM operation: RevokeBias done
Event: 132.494 Executing VM operation: RevokeBias
Event: 132.494 Executing VM operation: RevokeBias done


Dynamic libraries:
0x0000000025596000 	/System/Library/Frameworks/Cocoa.framework/Versions/A/Cocoa
0x0000000025596000 	/System/Library/Frameworks/Security.framework/Versions/A/Security
0x0000000025596000 	/System/Library/Frameworks/ApplicationServices.framework/Versions/A/ApplicationServices
0x0000000025596000 	/usr/lib/libz.1.dylib
0x0000000025596000 	/usr/lib/libSystem.B.dylib
0x0000000025596000 	/usr/lib/libobjc.A.dylib
0x0000000025596000 	/System/Library/Frameworks/CoreFoundation.framework/Versions/A/CoreFoundation
0x0000000025596000 	/System/Library/Frameworks/Foundation.framework/Versions/C/Foundation
0x0000000025596000 	/System/Library/Frameworks/AppKit.framework/Versions/C/AppKit
0x0000000025596000 	/System/Library/Frameworks/CoreData.framework/Versions/A/CoreData
0x0000000025596000 	/System/Library/PrivateFrameworks/RemoteViewServices.framework/Versions/A/RemoteViewServices
0x0000000025596000 	/System/Library/PrivateFrameworks/UIFoundation.framework/Versions/A/UIFoundation
0x0000000025596000 	/System/Library/PrivateFrameworks/DFRFoundation.framework/Versions/A/DFRFoundation
0x0000000025596000 	/System/Library/Frameworks/Metal.framework/Versions/A/Metal
0x0000000025596000 	/System/Library/PrivateFrameworks/DesktopServicesPriv.framework/Versions/A/DesktopServicesPriv
0x0000000025596000 	/usr/lib/libenergytrace.dylib
0x0000000025596000 	/System/Library/PrivateFrameworks/SkyLight.framework/Versions/A/SkyLight
0x0000000025596000 	/System/Library/Frameworks/CoreGraphics.framework/Versions/A/CoreGraphics
0x0000000025596000 	/usr/lib/libScreenReader.dylib
0x0000000025596000 	/System/Library/Frameworks/Accelerate.framework/Versions/A/Accelerate
0x0000000025596000 	/System/Library/Frameworks/IOSurface.framework/Versions/A/IOSurface
0x0000000025596000 	/System/Library/Frameworks/AudioToolbox.framework/Versions/A/AudioToolbox
0x0000000025596000 	/System/Library/Frameworks/AudioUnit.framework/Versions/A/AudioUnit
0x0000000025596000 	/System/Library/PrivateFrameworks/DataDetectorsCore.framework/Versions/A/DataDetectorsCore
0x0000000025596000 	/System/Library/Frameworks/Carbon.framework/Versions/A/Frameworks/HIToolbox.framework/Versions/A/HIToolbox
0x0000000025596000 	/usr/lib/libicucore.A.dylib
0x0000000025596000 	/System/Library/Frameworks/QuartzCore.framework/Versions/A/QuartzCore
0x0000000025596000 	/System/Library/PrivateFrameworks/SignpostNotification.framework/Versions/A/SignpostNotification
0x0000000025596000 	/System/Library/Frameworks/Carbon.framework/Versions/A/Frameworks/SpeechRecognition.framework/Versions/A/SpeechRecognition
0x0000000025596000 	/usr/lib/libauto.dylib
0x0000000025596000 	/usr/lib/libxml2.2.dylib
0x0000000025596000 	/System/Library/PrivateFrameworks/CoreUI.framework/Versions/A/CoreUI
0x0000000025596000 	/System/Library/Frameworks/CoreAudio.framework/Versions/A/CoreAudio
0x0000000025596000 	/System/Library/Frameworks/DiskArbitration.framework/Versions/A/DiskArbitration
0x0000000025596000 	/usr/lib/liblangid.dylib
0x0000000025596000 	/System/Library/PrivateFrameworks/MultitouchSupport.framework/Versions/A/MultitouchSupport
0x0000000025596000 	/System/Library/Frameworks/IOKit.framework/Versions/A/IOKit
0x0000000025596000 	/usr/lib/libDiagnosticMessagesClient.dylib
0x0000000025596000 	/System/Library/Frameworks/CoreServices.framework/Versions/A/CoreServices
0x0000000025596000 	/System/Library/PrivateFrameworks/PerformanceAnalysis.framework/Versions/A/PerformanceAnalysis
0x0000000025596000 	/System/Library/Frameworks/OpenGL.framework/Versions/A/OpenGL
0x0000000025596000 	/System/Library/Frameworks/ColorSync.framework/Versions/A/ColorSync
0x0000000025596000 	/System/Library/Frameworks/CoreImage.framework/Versions/A/CoreImage
0x0000000025596000 	/System/Library/Frameworks/CoreText.framework/Versions/A/CoreText
0x0000000025596000 	/System/Library/Frameworks/ImageIO.framework/Versions/A/ImageIO
0x0000000025596000 	/System/Library/PrivateFrameworks/Backup.framework/Versions/A/Backup
0x0000000025596000 	/usr/lib/libarchive.2.dylib
0x0000000025596000 	/System/Library/Frameworks/CFNetwork.framework/Versions/A/CFNetwork
0x0000000025596000 	/System/Library/Frameworks/SystemConfiguration.framework/Versions/A/SystemConfiguration
0x0000000025596000 	/usr/lib/libCRFSuite.dylib
0x0000000025596000 	/usr/lib/libc++.1.dylib
0x0000000025596000 	/usr/lib/libc++abi.dylib
0x0000000025596000 	/usr/lib/system/libcache.dylib
0x0000000025596000 	/usr/lib/system/libcommonCrypto.dylib
0x0000000025596000 	/usr/lib/system/libcompiler_rt.dylib
0x0000000025596000 	/usr/lib/system/libcopyfile.dylib
0x0000000025596000 	/usr/lib/system/libcorecrypto.dylib
0x0000000025596000 	/usr/lib/system/libdispatch.dylib
0x0000000025596000 	/usr/lib/system/libdyld.dylib
0x0000000025596000 	/usr/lib/system/libkeymgr.dylib
0x0000000025596000 	/usr/lib/system/liblaunch.dylib
0x0000000025596000 	/usr/lib/system/libmacho.dylib
0x0000000025596000 	/usr/lib/system/libquarantine.dylib
0x0000000025596000 	/usr/lib/system/libremovefile.dylib
0x0000000025596000 	/usr/lib/system/libsystem_asl.dylib
0x0000000025596000 	/usr/lib/system/libsystem_blocks.dylib
0x0000000025596000 	/usr/lib/system/libsystem_c.dylib
0x0000000025596000 	/usr/lib/system/libsystem_configuration.dylib
0x0000000025596000 	/usr/lib/system/libsystem_coreservices.dylib
0x0000000025596000 	/usr/lib/system/libsystem_darwin.dylib
0x0000000025596000 	/usr/lib/system/libsystem_dnssd.dylib
0x0000000025596000 	/usr/lib/system/libsystem_info.dylib
0x0000000025596000 	/usr/lib/system/libsystem_m.dylib
0x0000000025596000 	/usr/lib/system/libsystem_malloc.dylib
0x0000000025596000 	/usr/lib/system/libsystem_network.dylib
0x0000000025596000 	/usr/lib/system/libsystem_networkextension.dylib
0x0000000025596000 	/usr/lib/system/libsystem_notify.dylib
0x0000000025596000 	/usr/lib/system/libsystem_sandbox.dylib
0x0000000025596000 	/usr/lib/system/libsystem_secinit.dylib
0x0000000025596000 	/usr/lib/system/libsystem_kernel.dylib
0x0000000025596000 	/usr/lib/system/libsystem_platform.dylib
0x0000000025596000 	/usr/lib/system/libsystem_pthread.dylib
0x0000000025596000 	/usr/lib/system/libsystem_symptoms.dylib
0x0000000025596000 	/usr/lib/system/libsystem_trace.dylib
0x0000000025596000 	/usr/lib/system/libunwind.dylib
0x0000000025596000 	/usr/lib/system/libxpc.dylib
0x0000000025596000 	/usr/lib/closure/libclosured.dylib
0x0000000025596000 	/usr/lib/libbsm.0.dylib
0x0000000025596000 	/usr/lib/system/libkxld.dylib
0x0000000025596000 	/usr/lib/libOpenScriptingUtil.dylib
0x0000000025596000 	/usr/lib/libcoretls.dylib
0x0000000025596000 	/usr/lib/libcoretls_cfhelpers.dylib
0x0000000025596000 	/usr/lib/libpam.2.dylib
0x0000000025596000 	/usr/lib/libsqlite3.dylib
0x0000000025596000 	/usr/lib/libxar.1.dylib
0x0000000025596000 	/usr/lib/libbz2.1.0.dylib
0x0000000025596000 	/usr/lib/liblzma.5.dylib
0x0000000025596000 	/usr/lib/libnetwork.dylib
0x0000000025596000 	/usr/lib/libapple_nghttp2.dylib
0x0000000025596000 	/usr/lib/libpcap.A.dylib
0x0000000025596000 	/usr/lib/libboringssl.dylib
0x0000000025596000 	/usr/lib/libusrtcp.dylib
0x0000000025596000 	/usr/lib/libapple_crypto.dylib
0x0000000025596000 	/System/Library/Frameworks/CoreServices.framework/Versions/A/Frameworks/FSEvents.framework/Versions/A/FSEvents
0x0000000025596000 	/System/Library/Frameworks/CoreServices.framework/Versions/A/Frameworks/CarbonCore.framework/Versions/A/CarbonCore
0x0000000025596000 	/System/Library/Frameworks/CoreServices.framework/Versions/A/Frameworks/Metadata.framework/Versions/A/Metadata
0x0000000025596000 	/System/Library/Frameworks/CoreServices.framework/Versions/A/Frameworks/OSServices.framework/Versions/A/OSServices
0x0000000025596000 	/System/Library/Frameworks/CoreServices.framework/Versions/A/Frameworks/SearchKit.framework/Versions/A/SearchKit
0x0000000025596000 	/System/Library/Frameworks/CoreServices.framework/Versions/A/Frameworks/AE.framework/Versions/A/AE
0x0000000025596000 	/System/Library/Frameworks/CoreServices.framework/Versions/A/Frameworks/LaunchServices.framework/Versions/A/LaunchServices
0x0000000025596000 	/System/Library/Frameworks/CoreServices.framework/Versions/A/Frameworks/DictionaryServices.framework/Versions/A/DictionaryServices
0x0000000025596000 	/System/Library/Frameworks/CoreServices.framework/Versions/A/Frameworks/SharedFileList.framework/Versions/A/SharedFileList
0x0000000025596000 	/System/Library/Frameworks/NetFS.framework/Versions/A/NetFS
0x0000000025596000 	/System/Library/PrivateFrameworks/NetAuth.framework/Versions/A/NetAuth
0x0000000025596000 	/System/Library/PrivateFrameworks/login.framework/Versions/A/Frameworks/loginsupport.framework/Versions/A/loginsupport
0x0000000025596000 	/System/Library/PrivateFrameworks/TCC.framework/Versions/A/TCC
0x0000000025596000 	/usr/lib/libmecabra.dylib
0x0000000025596000 	/System/Library/Frameworks/ApplicationServices.framework/Versions/A/Frameworks/ATS.framework/Versions/A/ATS
0x0000000025596000 	/System/Library/Frameworks/ApplicationServices.framework/Versions/A/Frameworks/ColorSyncLegacy.framework/Versions/A/ColorSyncLegacy
0x0000000025596000 	/System/Library/Frameworks/ApplicationServices.framework/Versions/A/Frameworks/HIServices.framework/Versions/A/HIServices
0x0000000025596000 	/System/Library/Frameworks/ApplicationServices.framework/Versions/A/Frameworks/LangAnalysis.framework/Versions/A/LangAnalysis
0x0000000025596000 	/System/Library/Frameworks/ApplicationServices.framework/Versions/A/Frameworks/PrintCore.framework/Versions/A/PrintCore
0x0000000025596000 	/System/Library/Frameworks/ApplicationServices.framework/Versions/A/Frameworks/QD.framework/Versions/A/QD
0x0000000025596000 	/System/Library/Frameworks/ApplicationServices.framework/Versions/A/Frameworks/SpeechSynthesis.framework/Versions/A/SpeechSynthesis
0x0000000025596000 	/System/Library/Frameworks/CoreDisplay.framework/Versions/A/CoreDisplay
0x0000000025596000 	/System/Library/Frameworks/Accelerate.framework/Versions/A/Frameworks/vImage.framework/Versions/A/vImage
0x0000000025596000 	/System/Library/Frameworks/Accelerate.framework/Versions/A/Frameworks/vecLib.framework/Versions/A/vecLib
0x0000000025596000 	/System/Library/Frameworks/Accelerate.framework/Versions/A/Frameworks/vecLib.framework/Versions/A/libvDSP.dylib
0x0000000025596000 	/System/Library/Frameworks/Accelerate.framework/Versions/A/Frameworks/vecLib.framework/Versions/A/libBNNS.dylib
0x0000000025596000 	/System/Library/Frameworks/Accelerate.framework/Versions/A/Frameworks/vecLib.framework/Versions/A/libQuadrature.dylib
0x0000000025596000 	/System/Library/Frameworks/Accelerate.framework/Versions/A/Frameworks/vecLib.framework/Versions/A/libvMisc.dylib
0x0000000025596000 	/System/Library/Frameworks/Accelerate.framework/Versions/A/Frameworks/vecLib.framework/Versions/A/libLAPACK.dylib
0x0000000025596000 	/System/Library/Frameworks/Accelerate.framework/Versions/A/Frameworks/vecLib.framework/Versions/A/libBLAS.dylib
0x0000000025596000 	/System/Library/Frameworks/Accelerate.framework/Versions/A/Frameworks/vecLib.framework/Versions/A/libLinearAlgebra.dylib
0x0000000025596000 	/System/Library/Frameworks/Accelerate.framework/Versions/A/Frameworks/vecLib.framework/Versions/A/libSparse.dylib
0x0000000025596000 	/System/Library/Frameworks/Accelerate.framework/Versions/A/Frameworks/vecLib.framework/Versions/A/libSparseBLAS.dylib
0x0000000025596000 	/System/Library/PrivateFrameworks/GPUWrangler.framework/Versions/A/GPUWrangler
0x0000000025596000 	/System/Library/PrivateFrameworks/IOAccelerator.framework/Versions/A/IOAccelerator
0x0000000025596000 	/System/Library/PrivateFrameworks/IOPresentment.framework/Versions/A/IOPresentment
0x0000000025596000 	/System/Library/PrivateFrameworks/DSExternalDisplay.framework/Versions/A/DSExternalDisplay
0x0000000025596000 	/System/Library/Frameworks/OpenGL.framework/Versions/A/Libraries/libCoreFSCache.dylib
0x0000000025596000 	/System/Library/Frameworks/CoreVideo.framework/Versions/A/CoreVideo
0x0000000025596000 	/System/Library/PrivateFrameworks/GraphVisualizer.framework/Versions/A/GraphVisualizer
0x0000000025596000 	/System/Library/Frameworks/MetalPerformanceShaders.framework/Versions/A/MetalPerformanceShaders
0x0000000025596000 	/usr/lib/libFosl_dynamic.dylib
0x0000000025596000 	/System/Library/PrivateFrameworks/FaceCore.framework/Versions/A/FaceCore
0x0000000025596000 	/System/Library/Frameworks/OpenCL.framework/Versions/A/OpenCL
0x0000000025596000 	/usr/lib/libcompression.dylib
0x0000000025596000 	/System/Library/Frameworks/ApplicationServices.framework/Versions/A/Frameworks/ATS.framework/Versions/A/Resources/libFontParser.dylib
0x0000000025596000 	/System/Library/Frameworks/ApplicationServices.framework/Versions/A/Frameworks/ATS.framework/Versions/A/Resources/libFontRegistry.dylib
0x0000000025596000 	/System/Library/Frameworks/ImageIO.framework/Versions/A/Resources/libJPEG.dylib
0x0000000025596000 	/System/Library/Frameworks/ImageIO.framework/Versions/A/Resources/libTIFF.dylib
0x0000000025596000 	/System/Library/Frameworks/ImageIO.framework/Versions/A/Resources/libPng.dylib
0x0000000025596000 	/System/Library/Frameworks/ImageIO.framework/Versions/A/Resources/libGIF.dylib
0x0000000025596000 	/System/Library/Frameworks/ImageIO.framework/Versions/A/Resources/libJP2.dylib
0x0000000025596000 	/System/Library/Frameworks/ImageIO.framework/Versions/A/Resources/libRadiance.dylib
0x0000000025596000 	/System/Library/PrivateFrameworks/AppleJPEG.framework/Versions/A/AppleJPEG
0x0000000025596000 	/System/Library/Frameworks/MetalPerformanceShaders.framework/Frameworks/MPSCore.framework/Versions/A/MPSCore
0x0000000025596000 	/System/Library/Frameworks/MetalPerformanceShaders.framework/Frameworks/MPSImage.framework/Versions/A/MPSImage
0x0000000025596000 	/System/Library/Frameworks/MetalPerformanceShaders.framework/Frameworks/MPSNeuralNetwork.framework/Versions/A/MPSNeuralNetwork
0x0000000025596000 	/System/Library/Frameworks/MetalPerformanceShaders.framework/Frameworks/MPSMatrix.framework/Versions/A/MPSMatrix
0x0000000025596000 	/System/Library/PrivateFrameworks/MetalTools.framework/Versions/A/MetalTools
0x0000000025596000 	/System/Library/Frameworks/OpenGL.framework/Versions/A/Libraries/libGLU.dylib
0x0000000025596000 	/System/Library/Frameworks/OpenGL.framework/Versions/A/Libraries/libGFXShared.dylib
0x0000000025596000 	/System/Library/Frameworks/OpenGL.framework/Versions/A/Libraries/libGL.dylib
0x0000000025596000 	/System/Library/Frameworks/OpenGL.framework/Versions/A/Libraries/libGLImage.dylib
0x0000000025596000 	/System/Library/Frameworks/OpenGL.framework/Versions/A/Libraries/libCVMSPluginSupport.dylib
0x0000000025596000 	/System/Library/Frameworks/OpenGL.framework/Versions/A/Libraries/libCoreVMClient.dylib
0x0000000025596000 	/usr/lib/libcups.2.dylib
0x0000000025596000 	/System/Library/Frameworks/Kerberos.framework/Versions/A/Kerberos
0x0000000025596000 	/System/Library/Frameworks/GSS.framework/Versions/A/GSS
0x0000000025596000 	/usr/lib/libresolv.9.dylib
0x0000000025596000 	/usr/lib/libiconv.2.dylib
0x0000000025596000 	/System/Library/PrivateFrameworks/Heimdal.framework/Versions/A/Heimdal
0x0000000025596000 	/usr/lib/libheimdal-asn1.dylib
0x0000000025596000 	/System/Library/Frameworks/OpenDirectory.framework/Versions/A/OpenDirectory
0x0000000025596000 	/System/Library/PrivateFrameworks/CommonAuth.framework/Versions/A/CommonAuth
0x0000000025596000 	/System/Library/Frameworks/OpenDirectory.framework/Versions/A/Frameworks/CFOpenDirectory.framework/Versions/A/CFOpenDirectory
0x0000000025596000 	/System/Library/Frameworks/SecurityFoundation.framework/Versions/A/SecurityFoundation
0x0000000025596000 	/System/Library/PrivateFrameworks/APFS.framework/Versions/A/APFS
0x0000000025596000 	/usr/lib/libutil.dylib
0x0000000025596000 	/System/Library/PrivateFrameworks/AppleSauce.framework/Versions/A/AppleSauce
0x0000000025596000 	/System/Library/PrivateFrameworks/LinguisticData.framework/Versions/A/LinguisticData
0x0000000025596000 	/usr/lib/libmarisa.dylib
0x0000000025596000 	/System/Library/PrivateFrameworks/Lexicon.framework/Versions/A/Lexicon
0x0000000025596000 	/usr/lib/libChineseTokenizer.dylib
0x0000000025596000 	/usr/lib/libcmph.dylib
0x0000000025596000 	/System/Library/PrivateFrameworks/LanguageModeling.framework/Versions/A/LanguageModeling
0x0000000025596000 	/System/Library/PrivateFrameworks/CoreEmoji.framework/Versions/A/CoreEmoji
0x0000000025596000 	/System/Library/Frameworks/ServiceManagement.framework/Versions/A/ServiceManagement
0x0000000025596000 	/System/Library/PrivateFrameworks/BackgroundTaskManagement.framework/Versions/A/BackgroundTaskManagement
0x0000000025596000 	/usr/lib/libxslt.1.dylib
0x0000000025596000 	/System/Library/Frameworks/Carbon.framework/Versions/A/Frameworks/Ink.framework/Versions/A/Ink
0x0000000025596000 	/System/Library/PrivateFrameworks/TextureIO.framework/Versions/A/TextureIO
0x0000000025596000 	/usr/lib/libate.dylib
0x0000000025596000 	/System/Library/PrivateFrameworks/CrashReporterSupport.framework/Versions/A/CrashReporterSupport
0x0000000025596000 	/System/Library/PrivateFrameworks/Sharing.framework/Versions/A/Sharing
0x0000000025596000 	/System/Library/PrivateFrameworks/IconServices.framework/Versions/A/IconServices
0x0000000025596000 	/System/Library/PrivateFrameworks/AuthKit.framework/Versions/A/AuthKit
0x0000000025596000 	/System/Library/PrivateFrameworks/Apple80211.framework/Versions/A/Apple80211
0x0000000025596000 	/System/Library/PrivateFrameworks/CoreUtils.framework/Versions/A/CoreUtils
0x0000000025596000 	/System/Library/Frameworks/CoreWLAN.framework/Versions/A/CoreWLAN
0x0000000025596000 	/System/Library/Frameworks/IOBluetooth.framework/Versions/A/IOBluetooth
0x0000000025596000 	/System/Library/PrivateFrameworks/ProtocolBuffer.framework/Versions/A/ProtocolBuffer
0x0000000025596000 	/System/Library/PrivateFrameworks/MobileKeyBag.framework/Versions/A/MobileKeyBag
0x0000000025596000 	/System/Library/PrivateFrameworks/CorePhoneNumbers.framework/Versions/A/CorePhoneNumbers
0x0000000025596000 	/System/Library/PrivateFrameworks/AppleIDAuthSupport.framework/Versions/A/AppleIDAuthSupport
0x0000000025596000 	/System/Library/PrivateFrameworks/KeychainCircle.framework/Versions/A/KeychainCircle
0x0000000025596000 	/System/Library/PrivateFrameworks/CoreWiFi.framework/Versions/A/CoreWiFi
0x0000000025596000 	/System/Library/Frameworks/CoreBluetooth.framework/Versions/A/CoreBluetooth
0x0000000025596000 	/System/Library/PrivateFrameworks/DebugSymbols.framework/Versions/A/DebugSymbols
0x0000000025596000 	/System/Library/PrivateFrameworks/CoreSymbolication.framework/Versions/A/CoreSymbolication
0x0000000025596000 	/System/Library/PrivateFrameworks/Symbolication.framework/Versions/A/Symbolication
0x0000000025596000 	/System/Library/PrivateFrameworks/AppleFSCompression.framework/Versions/A/AppleFSCompression
0x0000000025596000 	/System/Library/PrivateFrameworks/SpeechRecognitionCore.framework/Versions/A/SpeechRecognitionCore
0x0000000105600000 	/Library/Java/JavaVirtualMachines/jdk1.7.0_80.jdk/Contents/Home/jre/lib/server/libjvm.dylib
0x0000000025596000 	/usr/lib/libstdc++.6.0.9.dylib
0x00000001045af000 	/Library/Java/JavaVirtualMachines/jdk1.7.0_80.jdk/Contents/Home/jre/lib/libverify.dylib
0x00000001045bc000 	/Library/Java/JavaVirtualMachines/jdk1.7.0_80.jdk/Contents/Home/jre/lib/libjava.dylib
0x0000000106065000 	/Library/Java/JavaVirtualMachines/jdk1.7.0_80.jdk/Contents/Home/jre/lib/libinstrument.dylib
0x00000001045f7000 	/Library/Java/JavaVirtualMachines/jdk1.7.0_80.jdk/Contents/Home/jre/lib/libzip.dylib
0x0000000025596000 	/System/Library/Frameworks/JavaVM.framework/Versions/A/Frameworks/JavaRuntimeSupport.framework/Versions/A/JavaRuntimeSupport
0x0000000025596000 	/System/Library/Frameworks/JavaVM.framework/Versions/A/Frameworks/JavaNativeFoundation.framework/Versions/A/JavaNativeFoundation
0x0000000025596000 	/System/Library/Frameworks/JavaVM.framework/Versions/A/JavaVM
0x0000000025596000 	/System/Library/Frameworks/Carbon.framework/Versions/A/Carbon
0x0000000025596000 	/System/Library/PrivateFrameworks/JavaLaunching.framework/Versions/A/JavaLaunching
0x0000000025596000 	/System/Library/Frameworks/Carbon.framework/Versions/A/Frameworks/CommonPanels.framework/Versions/A/CommonPanels
0x0000000025596000 	/System/Library/Frameworks/Carbon.framework/Versions/A/Frameworks/Help.framework/Versions/A/Help
0x0000000025596000 	/System/Library/Frameworks/Carbon.framework/Versions/A/Frameworks/ImageCapture.framework/Versions/A/ImageCapture
0x0000000025596000 	/System/Library/Frameworks/Carbon.framework/Versions/A/Frameworks/OpenScripting.framework/Versions/A/OpenScripting
0x0000000025596000 	/System/Library/Frameworks/Carbon.framework/Versions/A/Frameworks/Print.framework/Versions/A/Print
0x0000000025596000 	/System/Library/Frameworks/Carbon.framework/Versions/A/Frameworks/SecurityHI.framework/Versions/A/SecurityHI
0x0000000112911000 	/Library/Java/JavaVirtualMachines/jdk1.7.0_80.jdk/Contents/Home/jre/lib/libnet.dylib
0x0000000112970000 	/Library/Java/JavaVirtualMachines/jdk1.7.0_80.jdk/Contents/Home/jre/lib/libnio.dylib
0x000000011297f000 	/Library/Java/JavaVirtualMachines/jdk1.7.0_80.jdk/Contents/Home/jre/lib/libmanagement.dylib

VM Arguments:
jvm_args: -Dendpoints.shutdown.enabled=true -Denv=development -Dfull.stacktrace=false -Dgrails.env=development -Dgrails.full.stacktrace=false -Dinfo.app.grailsVersion=3.3.8 -Dinfo.app.name=library -Dinfo.app.version=0.1 -Djdk.reflect.allowGetCallerClass=true -Drun.active=true -Dspring.output.ansi.enabled=always -Dspring.profiles.active -Dspringloaded=inclusions=grails.plugins..*;synchronize=true;allowSplitPackages=true;cacheDir=/Users/usuario/Documents/grails/library/build/springloaded -Dverbose=false -XX:PermSize=96m -XX:MaxPermSize=256m -XX:+TieredCompilation -XX:TieredStopAtLevel=1 -XX:CICompilerCount=3 -javaagent:/Users/usuario/.gradle/caches/modules-2/files-2.1/org.springframework/springloaded/1.2.8.RELEASE/b60bac05b0451cdc1863bfec617f39aa0dcaaa43/springloaded-1.2.8.RELEASE.jar -Xverify:none -Xms768m -Xmx768m -Dfile.encoding=UTF-8 -Duser.country=US -Duser.language=en -Duser.variant 
java_command: library.Application
Launcher Type: SUN_STANDARD

Environment Variables:
JAVA_HOME=/Users/usuario/.jenv/candidates/java/current
PATH=/Users/usuario/.jenv/bin:/Users/usuario/.jenv/candidates/java/current/bin:/Users/usuario/.sdkman/candidates/grails/3.3.8/bin:/usr/bin:/bin:/usr/sbin:/sbin:/usr/local/bin:/Applications/VMware Fusion.app/Contents/Public
SHELL=/bin/bash

Signal Handlers:
SIGSEGV: [libjvm.dylib+0x52e8c9], sa_mask[0]=0xfffefeff, sa_flags=0x00000043
SIGBUS: [libjvm.dylib+0x52e8c9], sa_mask[0]=0xfffefeff, sa_flags=0x00000042
SIGFPE: [libjvm.dylib+0x42022e], sa_mask[0]=0xfffefeff, sa_flags=0x00000042
SIGPIPE: [libjvm.dylib+0x42022e], sa_mask[0]=0xfffefeff, sa_flags=0x00000042
SIGXFSZ: [libjvm.dylib+0x42022e], sa_mask[0]=0xfffefeff, sa_flags=0x00000042
SIGILL: [libjvm.dylib+0x42022e], sa_mask[0]=0xfffefeff, sa_flags=0x00000042
SIGUSR1: SIG_DFL, sa_mask[0]=0x63807efb, sa_flags=0x00000000
SIGUSR2: [libjvm.dylib+0x41fd20], sa_mask[0]=0x00000004, sa_flags=0x00000042
SIGHUP: [libjvm.dylib+0x41dfd5], sa_mask[0]=0xfffefeff, sa_flags=0x00000042
SIGINT: [libjvm.dylib+0x41dfd5], sa_mask[0]=0xfffefeff, sa_flags=0x00000042
SIGTERM: [libjvm.dylib+0x41dfd5], sa_mask[0]=0xfffefeff, sa_flags=0x00000042
SIGQUIT: [libjvm.dylib+0x41dfd5], sa_mask[0]=0xfffefeff, sa_flags=0x00000042


---------------  S Y S T E M  ---------------

OS:Bsduname:Darwin 17.7.0 Darwin Kernel Version 17.7.0: Thu Jun 21 22:53:14 PDT 2018; root:xnu-4570.71.2~1/RELEASE_X86_64 x86_64
rlimit: STACK 8192k, CORE 0k, NPROC 1418, NOFILE 10240, AS infinity
load average:2.52 2.58 2.31

CPU:total 8 (4 cores per cpu, 2 threads per core) family 6 model 70 stepping 1, cmov, cx8, fxsr, mmx, sse, sse2, sse3, ssse3, sse4.1, sse4.2, popcnt, avx, avx2, aes, erms, ht, tsc, tscinvbit

Memory: 4k page, physical 16777216k(4194304k free)

/proc/meminfo:


vm_info: Java HotSpot(TM) 64-Bit Server VM (24.80-b11) for bsd-amd64 JRE (1.7.0_80-b15), built on Apr 10 2015 11:25:43 by "java_re" with gcc 4.2.1 (Based on Apple Inc. build 5658) (LLVM build 2336.11.00)

time: Sun Sep 16 19:45:30 2018
elapsed time: 132 seconds

